App Tests en http://localhost:1948
Connected to Database
POST
PUT: 5ca5ea69d1546408cdd0c4c8
GET metas by org: rConjt/TESTS
DEL: 5ca5ea69d1546408cdd0c4c8
SQL_SQLite: apps/App0/sqlite/test:usersTest.sqlite
encriptPWD: apps/App0/sqlite/test
SQL_SQLite: apps/App0/sqlite/test:usersTest.sqlite
SQL_SQLite: apps/App0/sqlite/test:sessTest.sqlite
POST
POST
PUT: 5ca5eb03d1546408cdd0c4ca
GET metas by org: rConjt/TESTS
DEL: 5ca5eb03d1546408cdd0c4ca
SQL_SQLite: apps/App0/sqlite/test:usersTest.sqlite
encriptPWD: apps/App0/sqlite/test
SQL_SQLite: apps/App0/sqlite/test:usersTest.sqlite
SQL_SQLite: apps/App0/sqlite/test:sessTest.sqlite
POST
POST
PUT: 5ca5eb49d1546408cdd0c4cc
GET metas by org: rConjt/TESTS
DEL: 5ca5eb49d1546408cdd0c4cc
SQL_SQLite: apps/App0/sqlite/test:usersTest.sqlite
encriptPWD: apps/App0/sqlite/test
SQL_SQLite: apps/App0/sqlite/test:usersTest.sqlite
SQL_SQLite: apps/App0/sqlite/test:sessTest.sqlite
POST
POST
PUT: 5ca5ebced1546408cdd0c4ce
GET metas by org: rConjt/TESTS
DEL: 5ca5ebced1546408cdd0c4ce
SQL_SQLite: apps/App0/sqlite/test:usersTest.sqlite
encriptPWD: apps/App0/sqlite/test
SQL_SQLite: apps/App0/sqlite/test:usersTest.sqlite
SQL_SQLite: apps/App0/sqlite/test:sessTest.sqlite
POST
POST
PUT: 5ca5ec3fd1546408cdd0c4d0
GET metas by org: rConjt/TESTS
DEL: 5ca5ec3fd1546408cdd0c4d0
SQL_SQLite: apps/App0/sqlite/test:usersTest.sqlite
encriptPWD: apps/App0/sqlite/test
SQL_SQLite: apps/App0/sqlite/test:usersTest.sqlite
SQL_SQLite: apps/App0/sqlite/test:sessTest.sqlite
POST
GET by _id :5ca5ec47d1546408cdd0c4d1
